<?xml version="1.0" encoding="UTF-8"?>
<testsuites>
    <testsuite name="add-blog;register-user-add-blog" tests="4" failures="1" skipped="1">
        <properties>
            <property name="@search" value="true">
            </property>
            <property name="URI" value="E:\agile\new Agile project\TravelFrontEndBarmy\test\features\blog.feature">
            </property>
        </properties>
        <testcase name="Given I am logged in user" classname="add-blog;register-user-add-blog" time="0.0005275">
        </testcase>
        <testcase name="When I am on blog page" classname="add-blog;register-user-add-blog" time="8.492144699">
        </testcase>
        <testcase name="Then I enter &quot;Titile&quot; and I enter &quot;Contetnt&quot; and I enter &quot;C:\Users\Gaurav Shrestha\Pictures\Screenshots&quot;" classname="add-blog;register-user-add-blog" time="0.0001855">
            <failure message="TypeError: Invalid locator">TypeError: Invalid locator
    at Object.check [as checkedLocator] (E:\agile\new Agile project\TravelFrontEndBarmy\test\node_modules\selenium-webdriver\lib\by.js:278:9)
    at thenableWebDriverProxy.findElement (E:\agile\new Agile project\TravelFrontEndBarmy\test\node_modules\selenium-webdriver\lib\webdriver.js:912:18)
    at Object.userInput (E:\agile\new Agile project\TravelFrontEndBarmy\test\page-objects\blog.js:23:20)
    at createWorld.&lt;anonymous&gt; (E:\agile\new Agile project\TravelFrontEndBarmy\test\step-definitions\blog-steps.js:18:26)
    at processTicksAndRejections (internal/process/task_queues.js:79:11)</failure>
        </testcase>
        <testcase name="Then Post should be shared" classname="add-blog;register-user-add-blog">
            <skipped message="">
            </skipped>
        </testcase>
    </testsuite>
</testsuites>